{"level":"info","message":"GET /api/products","timestamp":"2026-03-17T02:52:11.992Z"}
{"level":"info","message":"GET /api/products","timestamp":"2026-03-17T02:52:13.729Z"}
{"level":"info","message":"POST /api/auth/login","timestamp":"2026-03-17T02:52:33.526Z"}
{"level":"info","message":"GET /api/cart","timestamp":"2026-03-17T02:52:36.037Z"}
{"level":"info","message":"GET /api/products","timestamp":"2026-03-17T02:52:36.152Z"}
{"level":"info","message":"GET /api/products","timestamp":"2026-03-17T02:52:38.042Z"}
{"level":"info","message":"GET /api/products/4","timestamp":"2026-03-17T02:52:39.554Z"}
{"level":"info","message":"GET /api/reviews/product/4","timestamp":"2026-03-17T02:52:39.586Z"}
{"level":"info","message":"GET /api/products/recommend/4","timestamp":"2026-03-17T02:52:39.601Z"}
{"level":"info","message":"GET /api/products/4","timestamp":"2026-03-17T02:52:39.857Z"}
{"level":"info","message":"GET /api/reviews/product/4","timestamp":"2026-03-17T02:52:40.152Z"}
{"level":"info","message":"GET /api/products/recommend/4","timestamp":"2026-03-17T02:52:41.586Z"}
{"level":"info","message":"GET /api/products/category/2nd%20Year","timestamp":"2026-03-17T02:52:41.601Z"}
{"level":"info","message":"GET /api/products/category/2nd%20Year","timestamp":"2026-03-17T02:52:42.172Z"}
{"level":"info","message":"GET /api/wishlist","timestamp":"2026-03-17T02:52:42.175Z"}
{"level":"info","message":"GET /api/wishlist","timestamp":"2026-03-17T02:52:42.606Z"}
{"level":"info","message":"GET /api/cart","timestamp":"2026-03-17T02:52:51.064Z"}
{"level":"info","message":"GET /api/cart","timestamp":"2026-03-17T02:52:51.331Z"}
{"level":"info","message":"POST /api/payment/create-order","timestamp":"2026-03-17T02:53:25.794Z"}
{"level":"info","message":"GET /api/cart","timestamp":"2026-03-17T02:53:52.005Z"}
{"level":"info","message":"GET /api/cart","timestamp":"2026-03-17T02:53:53.734Z"}
{"level":"info","message":"GET /api/cart","timestamp":"2026-03-17T02:54:00.221Z"}
{"level":"info","message":"GET /api/cart","timestamp":"2026-03-17T02:54:00.508Z"}
{"level":"info","message":"GET /api/cart","timestamp":"2026-03-17T02:54:00.856Z"}
{"level":"info","message":"POST /api/auth/login","timestamp":"2026-03-17T02:54:02.809Z"}
{"level":"info","message":"GET /api/cart","timestamp":"2026-03-17T02:54:03.224Z"}
{"level":"info","message":"GET /api/products","timestamp":"2026-03-17T02:54:03.344Z"}
{"level":"info","message":"GET /api/products","timestamp":"2026-03-17T02:54:05.125Z"}
{"level":"info","message":"GET /api/cart","timestamp":"2026-03-17T02:54:19.970Z"}
{"level":"info","message":"GET /api/cart","timestamp":"2026-03-17T02:54:21.622Z"}
{"level":"info","message":"POST /api/orders/create","timestamp":"2026-03-17T02:54:33.598Z"}
{"level":"info","message":"POST /api/orders/create","timestamp":"2026-03-17T02:54:37.177Z"}
{"level":"info","message":"POST /api/orders/create","timestamp":"2026-03-17T02:54:50.501Z"}
{"level":"info","message":"POST /api/orders/create","timestamp":"2026-03-17T02:54:51.338Z"}
{"level":"info","message":"GET /api/cart","timestamp":"2026-03-17T02:54:53.294Z"}
{"level":"info","message":"GET /api/cart","timestamp":"2026-03-17T02:54:55.049Z"}
{"level":"info","message":"GET /api/orders/my-orders","timestamp":"2026-03-17T02:54:55.435Z"}
{"level":"info","message":"GET /api/wishlist","timestamp":"2026-03-17T02:54:55.475Z"}
{"level":"info","message":"GET /api/orders/my-orders","timestamp":"2026-03-17T02:54:56.555Z"}
{"level":"info","message":"GET /api/wishlist","timestamp":"2026-03-17T02:54:57.131Z"}
{"level":"info","message":"GET /api/cart","timestamp":"2026-03-17T02:55:15.713Z"}
{"level":"info","message":"GET /api/cart","timestamp":"2026-03-17T02:55:17.456Z"}
{"level":"info","message":"POST /api/orders/create","timestamp":"2026-03-17T02:55:26.869Z"}
{"level":"info","message":"GET /api/cart","timestamp":"2026-03-17T03:00:22.123Z"}
{"level":"info","message":"GET /api/cart","timestamp":"2026-03-17T03:00:23.987Z"}
{"level":"info","message":"GET /api/cart","timestamp":"2026-03-17T03:00:24.257Z"}
{"level":"info","message":"POST /api/orders","timestamp":"2026-03-17T03:00:35.364Z"}
{"level":"info","message":"Order 7 placed by user 5","timestamp":"2026-03-17T03:00:40.703Z"}
{"level":"info","message":"GET /api/cart","timestamp":"2026-03-17T03:00:40.820Z"}
{"level":"info","message":"GET /api/cart","timestamp":"2026-03-17T03:00:41.104Z"}
{"level":"info","message":"GET /api/wishlist","timestamp":"2026-03-17T03:00:47.478Z"}
{"level":"info","message":"GET /api/orders/my-orders","timestamp":"2026-03-17T03:00:47.484Z"}
{"level":"info","message":"GET /api/wishlist","timestamp":"2026-03-17T03:00:47.746Z"}
{"level":"info","message":"GET /api/orders/my-orders","timestamp":"2026-03-17T03:00:49.123Z"}
{"level":"info","message":"DELETE /api/wishlist/8","timestamp":"2026-03-17T03:01:14.321Z"}
{"level":"info","message":"GET /api/products","timestamp":"2026-03-17T03:01:26.435Z"}
{"level":"info","message":"GET /api/products","timestamp":"2026-03-17T03:01:28.187Z"}
{"level":"info","message":"GET /api/cart","timestamp":"2026-03-17T03:01:32.635Z"}
{"level":"info","message":"GET /api/cart","timestamp":"2026-03-17T03:01:32.985Z"}
{"level":"info","message":"GET /api/orders/my-orders","timestamp":"2026-03-17T03:01:33.953Z"}
{"level":"info","message":"GET /api/wishlist","timestamp":"2026-03-17T03:01:33.996Z"}
{"level":"info","message":"GET /api/orders/my-orders","timestamp":"2026-03-17T03:01:35.358Z"}
{"level":"info","message":"GET /api/wishlist","timestamp":"2026-03-17T03:01:36.026Z"}
{"level":"info","message":"GET /api/products","timestamp":"2026-03-17T03:01:46.642Z"}
{"level":"info","message":"GET /api/cart","timestamp":"2026-03-17T03:01:46.687Z"}
{"level":"info","message":"GET /api/products","timestamp":"2026-03-17T03:01:46.955Z"}
{"level":"info","message":"GET /api/orders/my-orders","timestamp":"2026-03-17T03:01:56.894Z"}
{"level":"info","message":"GET /api/wishlist","timestamp":"2026-03-17T03:01:56.903Z"}
{"level":"info","message":"GET /api/cart","timestamp":"2026-03-17T03:01:56.936Z"}
{"level":"info","message":"GET /api/wishlist","timestamp":"2026-03-17T03:01:57.198Z"}
{"level":"info","message":"GET /api/orders/my-orders","timestamp":"2026-03-17T03:01:58.242Z"}
{"level":"info","message":"POST /api/auth/login","timestamp":"2026-03-17T03:02:02.300Z"}
{"level":"info","message":"GET /api/cart","timestamp":"2026-03-17T03:02:02.752Z"}
{"level":"info","message":"GET /api/products","timestamp":"2026-03-17T03:02:02.814Z"}
{"level":"info","message":"GET /api/products","timestamp":"2026-03-17T03:02:03.093Z"}
{"level":"info","message":"GET /api/cart","timestamp":"2026-03-17T03:02:10.222Z"}
{"level":"info","message":"POST /api/auth/login","timestamp":"2026-03-17T03:02:15.382Z"}
{"level":"info","message":"GET /api/cart","timestamp":"2026-03-17T03:02:16.238Z"}
{"level":"info","message":"GET /api/admin/analytics","timestamp":"2026-03-17T03:02:16.326Z"}
{"level":"info","message":"GET /api/admin/analytics","timestamp":"2026-03-17T03:02:19.299Z"}
{"level":"info","message":"GET /api/admin/users","timestamp":"2026-03-17T03:02:44.201Z"}
{"level":"info","message":"GET /api/admin/sellers","timestamp":"2026-03-17T03:02:51.273Z"}
{"level":"info","message":"GET /api/products","timestamp":"2026-03-17T03:02:56.487Z"}
{"level":"info","message":"GET /api/orders/all","timestamp":"2026-03-17T03:03:01.744Z"}
{"level":"info","message":"GET /api/contact","timestamp":"2026-03-17T03:03:13.603Z"}
{"level":"info","message":"GET /api/admin/reviews","timestamp":"2026-03-17T03:03:20.570Z"}
{"level":"info","message":"GET /api/products","timestamp":"2026-03-17T03:03:23.062Z"}
{"level":"info","message":"GET /api/orders/all","timestamp":"2026-03-17T03:03:24.238Z"}
{"level":"info","message":"POST /api/auth/login","timestamp":"2026-03-17T03:03:59.794Z"}
{"level":"info","message":"GET /api/cart","timestamp":"2026-03-17T03:04:02.071Z"}
{"level":"info","message":"GET /api/products/seller/my-products","timestamp":"2026-03-17T03:04:07.426Z"}
{"level":"info","message":"GET /api/products/seller/my-products","timestamp":"2026-03-17T03:04:08.858Z"}
{"level":"info","message":"GET /api/orders/seller-orders","timestamp":"2026-03-17T03:04:10.561Z"}
{"level":"info","message":"GET /api/cart","timestamp":"2026-03-17T03:06:03.666Z"}
{"level":"info","message":"POST /api/auth/login","timestamp":"2026-03-17T03:06:05.648Z"}
{"level":"info","message":"GET /api/cart","timestamp":"2026-03-17T03:06:06.378Z"}
{"level":"info","message":"GET /api/orders/seller-orders","timestamp":"2026-03-17T03:06:08.776Z"}
{"level":"info","message":"GET /api/products","timestamp":"2026-03-17T03:07:54.900Z"}
{"level":"info","message":"GET /api/cart","timestamp":"2026-03-17T03:07:54.923Z"}
{"level":"info","message":"GET /api/products","timestamp":"2026-03-17T03:07:56.733Z"}
{"level":"info","message":"GET /api/orders/seller-orders","timestamp":"2026-03-17T03:08:03.101Z"}
{"level":"info","message":"GET /api/products/seller/my-products","timestamp":"2026-03-17T03:08:15.177Z"}
{"level":"info","message":"GET /api/products/seller/my-products","timestamp":"2026-03-17T03:08:16.699Z"}
{"level":"info","message":"GET /api/products/seller/my-products","timestamp":"2026-03-17T03:08:18.780Z"}
{"level":"info","message":"GET /api/products/seller/my-products","timestamp":"2026-03-17T03:08:27.716Z"}
{"level":"info","message":"GET /api/products","timestamp":"2026-03-17T03:09:39.286Z"}
{"level":"info","message":"GET /api/products","timestamp":"2026-03-17T03:09:41.034Z"}
{"level":"info","message":"GET /api/orders/my-orders","timestamp":"2026-03-17T03:09:51.007Z"}
{"level":"info","message":"GET /api/wishlist","timestamp":"2026-03-17T03:09:51.017Z"}
{"level":"info","message":"GET /api/orders/my-orders","timestamp":"2026-03-17T03:09:51.553Z"}
{"level":"info","message":"GET /api/wishlist","timestamp":"2026-03-17T03:09:52.723Z"}
{"level":"info","message":"GET /api/orders/my-orders","timestamp":"2026-03-17T03:11:11.815Z"}
{"level":"info","message":"GET /api/cart","timestamp":"2026-03-17T03:11:11.924Z"}
{"level":"info","message":"GET /api/wishlist","timestamp":"2026-03-17T03:11:12.031Z"}
{"level":"info","message":"POST /api/auth/login","timestamp":"2026-03-17T03:11:13.277Z"}
{"level":"info","message":"GET /api/wishlist","timestamp":"2026-03-17T03:11:13.957Z"}
{"level":"info","message":"GET /api/orders/my-orders","timestamp":"2026-03-17T03:11:14.231Z"}
{"level":"info","message":"GET /api/cart","timestamp":"2026-03-17T03:11:15.432Z"}
{"level":"info","message":"GET /api/orders/my-orders","timestamp":"2026-03-17T03:11:17.875Z"}
{"level":"info","message":"GET /api/wishlist","timestamp":"2026-03-17T03:11:17.894Z"}
{"level":"info","message":"GET /api/wishlist","timestamp":"2026-03-17T03:11:18.189Z"}
{"level":"info","message":"GET /api/orders/my-orders","timestamp":"2026-03-17T03:11:18.392Z"}
{"level":"info","message":"GET /api/products","timestamp":"2026-03-17T03:12:08.928Z"}
{"level":"info","message":"GET /api/cart","timestamp":"2026-03-17T03:12:09.149Z"}
{"level":"info","message":"GET /api/products","timestamp":"2026-03-17T03:12:10.998Z"}
{"level":"info","message":"GET /api/products","timestamp":"2026-03-17T03:12:18.146Z"}
{"level":"info","message":"GET /api/cart","timestamp":"2026-03-17T03:12:18.194Z"}
{"level":"info","message":"GET /api/products","timestamp":"2026-03-17T03:12:18.440Z"}
{"level":"info","message":"GET /api/orders/my-orders","timestamp":"2026-03-17T03:12:20.832Z"}
{"level":"info","message":"GET /api/wishlist","timestamp":"2026-03-17T03:12:20.838Z"}
{"level":"info","message":"GET /api/wishlist","timestamp":"2026-03-17T03:12:21.115Z"}
{"level":"info","message":"GET /api/orders/my-orders","timestamp":"2026-03-17T03:12:21.414Z"}
{"level":"info","message":"GET /api/orders/my-orders","timestamp":"2026-03-17T03:13:18.781Z"}
{"level":"info","message":"GET /api/wishlist","timestamp":"2026-03-17T03:13:18.783Z"}
